<?xml version="1.0" encoding="UTF-8"?>
<!-- Generated by org.testng.reporters.JUnitReportReporter -->
<testsuite hostname="DESKTOP-5EVK54D" failures="0" tests="2" name="testclass.HomeTest" time="7.640" errors="0" timestamp="2023-08-15T01:25:08 IST" skipped="0">
  <testcase classname="testclass.HomeTest" name="validateTitle" time="0.235"/>
  <system-out/>
  <testcase classname="testclass.HomeTest" name="navToSingleMalt" time="7.405"/>
  <system-out/>
</testsuite> <!-- testclass.HomeTest -->
